Using pre-set license
Built from '2020.3/staging' branch; Version is '2020.3.30f1 (1fb1bf06830e) revision 2077119'; Using compiler version '192528614'; Build Type 'Release'
OS: 'Windows 10  (10.0.19043) 64bit Core' Language: 'pl' Physical Memory: 16301 MB
BatchMode: 1, IsHumanControllingUs: 0, StartBugReporterOnCrash: 0, Is64bit: 1, IsPro: 0

COMMAND LINE ARGUMENTS:
D:\Program Files\Unity\2020.3.30f1\Editor\Unity.exe
-adb2
-batchMode
-noUpm
-name
AssetImportWorker1
-projectPath
D:/JetbrainsProjects/RiderProjects/generator/planet-generator/My project
-logFile
Logs/AssetImportWorker1.log
-srvPort
65314
Successfully changed project path to: D:/JetbrainsProjects/RiderProjects/generator/planet-generator/My project
D:/JetbrainsProjects/RiderProjects/generator/planet-generator/My project
Using Asset Import Pipeline V2.
Refreshing native plugins compatible for Editor in 341.80 ms, found 2 plugins.
Preloading 0 native plugins for Editor in 0.00 ms.
Initialize engine version: 2020.3.30f1 (1fb1bf06830e)
[Subsystems] Discovering subsystems at path D:/Program Files/Unity/2020.3.30f1/Editor/Data/Resources/UnitySubsystems
[Subsystems] Discovering subsystems at path D:/JetbrainsProjects/RiderProjects/generator/planet-generator/My project/Assets
GfxDevice: creating device client; threaded=0
